2016-07-02 14:45:56.2499 ERROR System.NullReferenceException: Object reference not set to an instance of an object.
   at MyMentor.BL.Models.PurchaseExtensions.GetFormattedPrice(Purchase purchase) in d:\Tfs_Workspace\MyMentor\MyMentor.BL\Models\Purchase.cs:line 206
   at MyMentor.Controllers.MyAccountController.GetStatementsByEventId(String eventId, IMyMentorRepository repository, EntityDto[] entities, IEnumerable`1 couponStatuses, EventTypeDto[] eventTypes, IEnumerable`1 transactionTypes, IEnumerable`1 couponTypes, IEnumerable`1 supportTypes, String nisCurrencySymbol) in d:\Tfs_Workspace\MyMentor\MyMentor\Controllers\MyAccountController.cs:line 126
   at MyMentor.Controllers.MyAccountController.<Index>d__2.MoveNext() in d:\Tfs_Workspace\MyMentor\MyMentor\Controllers\MyAccountController.cs:line 76
--- End of stack trace from previous location where exception was thrown ---
   at System.Runtime.CompilerServices.TaskAwaiter.ThrowForNonSuccess(Task task)
   at System.Runtime.CompilerServices.TaskAwaiter.HandleNonSuccessAndDebuggerNotification(Task task)
   at lambda_method(Closure , Task )
   at System.Web.Mvc.Async.TaskAsyncActionDescriptor.EndExecute(IAsyncResult asyncResult)
   at System.Web.Mvc.Async.AsyncControllerActionInvoker.<>c__DisplayClass34.<BeginInvokeAsynchronousActionMethod>b__33(IAsyncResult asyncResult)
   at System.Web.Mvc.Async.AsyncControllerActionInvoker.EndInvokeActionMethod(IAsyncResult asyncResult)
   at System.Web.Mvc.Async.AsyncControllerActionInvoker.AsyncInvocationWithFilters.<InvokeActionMethodFilterAsynchronouslyRecursive>b__3c()
   at System.Web.Mvc.Async.AsyncControllerActionInvoker.AsyncInvocationWithFilters.<>c__DisplayClass45.<InvokeActionMethodFilterAsynchronouslyRecursive>b__3e()
   at System.Web.Mvc.Async.AsyncControllerActionInvoker.EndInvokeActionMethodWithFilters(IAsyncResult asyncResult)
   at System.Web.Mvc.Async.AsyncControllerActionInvoker.<>c__DisplayClass1e.<>c__DisplayClass28.<BeginInvokeAction>b__19()
   at System.Web.Mvc.Async.AsyncControllerActionInvoker.<>c__DisplayClass1e.<BeginInvokeAction>b__1b(IAsyncResult asyncResult)
   at System.Web.Mvc.Async.AsyncControllerActionInvoker.EndInvokeAction(IAsyncResult asyncResult)
   at System.Web.Mvc.Controller.<BeginExecuteCore>b__1d(IAsyncResult asyncResult, ExecuteCoreState innerState)
   at System.Web.Mvc.Async.AsyncResultWrapper.WrappedAsyncVoid`1.CallEndDelegate(IAsyncResult asyncResult)
   at System.Web.Mvc.Controller.EndExecuteCore(IAsyncResult asyncResult)
   at System.Web.Mvc.Async.AsyncResultWrapper.WrappedAsyncVoid`1.CallEndDelegate(IAsyncResult asyncResult)
   at System.Web.Mvc.Controller.EndExecute(IAsyncResult asyncResult)
   at System.Web.Mvc.MvcHandler.<BeginProcessRequest>b__4(IAsyncResult asyncResult, ProcessRequestState innerState)
   at System.Web.Mvc.Async.AsyncResultWrapper.WrappedAsyncVoid`1.CallEndDelegate(IAsyncResult asyncResult)
   at System.Web.Mvc.MvcHandler.EndProcessRequest(IAsyncResult asyncResult)
   at System.Web.HttpApplication.CallHandlerExecutionStep.System.Web.HttpApplication.IExecutionStep.Execute()
   at System.Web.HttpApplication.ExecuteStep(IExecutionStep step, Boolean& completedSynchronously)
2016-07-02 14:47:33.2842 ERROR System.NullReferenceException: Object reference not set to an instance of an object.
   at MyMentor.BL.Models.PurchaseExtensions.GetFormattedPrice(Purchase purchase) in d:\Tfs_Workspace\MyMentor\MyMentor.BL\Models\Purchase.cs:line 206
   at MyMentor.Controllers.MyAccountController.GetStatementsByEventId(String eventId, IMyMentorRepository repository, EntityDto[] entities, IEnumerable`1 couponStatuses, EventTypeDto[] eventTypes, IEnumerable`1 transactionTypes, IEnumerable`1 couponTypes, IEnumerable`1 supportTypes, String nisCurrencySymbol) in d:\Tfs_Workspace\MyMentor\MyMentor\Controllers\MyAccountController.cs:line 126
   at MyMentor.Controllers.MyAccountController.<Index>d__2.MoveNext() in d:\Tfs_Workspace\MyMentor\MyMentor\Controllers\MyAccountController.cs:line 76
--- End of stack trace from previous location where exception was thrown ---
   at System.Runtime.CompilerServices.TaskAwaiter.ThrowForNonSuccess(Task task)
   at System.Runtime.CompilerServices.TaskAwaiter.HandleNonSuccessAndDebuggerNotification(Task task)
   at lambda_method(Closure , Task )
   at System.Web.Mvc.Async.TaskAsyncActionDescriptor.EndExecute(IAsyncResult asyncResult)
   at System.Web.Mvc.Async.AsyncControllerActionInvoker.<>c__DisplayClass34.<BeginInvokeAsynchronousActionMethod>b__33(IAsyncResult asyncResult)
   at System.Web.Mvc.Async.AsyncControllerActionInvoker.EndInvokeActionMethod(IAsyncResult asyncResult)
   at System.Web.Mvc.Async.AsyncControllerActionInvoker.AsyncInvocationWithFilters.<InvokeActionMethodFilterAsynchronouslyRecursive>b__3c()
   at System.Web.Mvc.Async.AsyncControllerActionInvoker.AsyncInvocationWithFilters.<>c__DisplayClass45.<InvokeActionMethodFilterAsynchronouslyRecursive>b__3e()
   at System.Web.Mvc.Async.AsyncControllerActionInvoker.EndInvokeActionMethodWithFilters(IAsyncResult asyncResult)
   at System.Web.Mvc.Async.AsyncControllerActionInvoker.<>c__DisplayClass1e.<>c__DisplayClass28.<BeginInvokeAction>b__19()
   at System.Web.Mvc.Async.AsyncControllerActionInvoker.<>c__DisplayClass1e.<BeginInvokeAction>b__1b(IAsyncResult asyncResult)
   at System.Web.Mvc.Async.AsyncControllerActionInvoker.EndInvokeAction(IAsyncResult asyncResult)
   at System.Web.Mvc.Controller.<BeginExecuteCore>b__1d(IAsyncResult asyncResult, ExecuteCoreState innerState)
   at System.Web.Mvc.Async.AsyncResultWrapper.WrappedAsyncVoid`1.CallEndDelegate(IAsyncResult asyncResult)
   at System.Web.Mvc.Controller.EndExecuteCore(IAsyncResult asyncResult)
   at System.Web.Mvc.Async.AsyncResultWrapper.WrappedAsyncVoid`1.CallEndDelegate(IAsyncResult asyncResult)
   at System.Web.Mvc.Controller.EndExecute(IAsyncResult asyncResult)
   at System.Web.Mvc.MvcHandler.<BeginProcessRequest>b__4(IAsyncResult asyncResult, ProcessRequestState innerState)
   at System.Web.Mvc.Async.AsyncResultWrapper.WrappedAsyncVoid`1.CallEndDelegate(IAsyncResult asyncResult)
   at System.Web.Mvc.MvcHandler.EndProcessRequest(IAsyncResult asyncResult)
   at System.Web.HttpApplication.CallHandlerExecutionStep.System.Web.HttpApplication.IExecutionStep.Execute()
   at System.Web.HttpApplication.ExecuteStep(IExecutionStep step, Boolean& completedSynchronously)
2016-07-02 15:01:13.5173 ERROR System.NullReferenceException: Object reference not set to an instance of an object.
   at MyMentor.BL.Models.PurchaseExtensions.GetFormattedPrice(Purchase purchase) in d:\Tfs_Workspace\MyMentor\MyMentor.BL\Models\Purchase.cs:line 206
   at MyMentor.Controllers.MyAccountController.GetStatementsByEventId(String eventId, IMyMentorRepository repository, EntityDto[] entities, IEnumerable`1 couponStatuses, EventTypeDto[] eventTypes, IEnumerable`1 transactionTypes, IEnumerable`1 couponTypes, IEnumerable`1 supportTypes, String nisCurrencySymbol) in d:\Tfs_Workspace\MyMentor\MyMentor\Controllers\MyAccountController.cs:line 126
   at MyMentor.Controllers.MyAccountController.<Index>d__2.MoveNext() in d:\Tfs_Workspace\MyMentor\MyMentor\Controllers\MyAccountController.cs:line 76
--- End of stack trace from previous location where exception was thrown ---
   at System.Runtime.CompilerServices.TaskAwaiter.ThrowForNonSuccess(Task task)
   at System.Runtime.CompilerServices.TaskAwaiter.HandleNonSuccessAndDebuggerNotification(Task task)
   at lambda_method(Closure , Task )
   at System.Web.Mvc.Async.TaskAsyncActionDescriptor.EndExecute(IAsyncResult asyncResult)
   at System.Web.Mvc.Async.AsyncControllerActionInvoker.<>c__DisplayClass34.<BeginInvokeAsynchronousActionMethod>b__33(IAsyncResult asyncResult)
   at System.Web.Mvc.Async.AsyncControllerActionInvoker.EndInvokeActionMethod(IAsyncResult asyncResult)
   at System.Web.Mvc.Async.AsyncControllerActionInvoker.AsyncInvocationWithFilters.<InvokeActionMethodFilterAsynchronouslyRecursive>b__3c()
   at System.Web.Mvc.Async.AsyncControllerActionInvoker.AsyncInvocationWithFilters.<>c__DisplayClass45.<InvokeActionMethodFilterAsynchronouslyRecursive>b__3e()
   at System.Web.Mvc.Async.AsyncControllerActionInvoker.EndInvokeActionMethodWithFilters(IAsyncResult asyncResult)
   at System.Web.Mvc.Async.AsyncControllerActionInvoker.<>c__DisplayClass1e.<>c__DisplayClass28.<BeginInvokeAction>b__19()
   at System.Web.Mvc.Async.AsyncControllerActionInvoker.<>c__DisplayClass1e.<BeginInvokeAction>b__1b(IAsyncResult asyncResult)
   at System.Web.Mvc.Async.AsyncControllerActionInvoker.EndInvokeAction(IAsyncResult asyncResult)
   at System.Web.Mvc.Controller.<BeginExecuteCore>b__1d(IAsyncResult asyncResult, ExecuteCoreState innerState)
   at System.Web.Mvc.Async.AsyncResultWrapper.WrappedAsyncVoid`1.CallEndDelegate(IAsyncResult asyncResult)
   at System.Web.Mvc.Controller.EndExecuteCore(IAsyncResult asyncResult)
   at System.Web.Mvc.Async.AsyncResultWrapper.WrappedAsyncVoid`1.CallEndDelegate(IAsyncResult asyncResult)
   at System.Web.Mvc.Controller.EndExecute(IAsyncResult asyncResult)
   at System.Web.Mvc.MvcHandler.<BeginProcessRequest>b__4(IAsyncResult asyncResult, ProcessRequestState innerState)
   at System.Web.Mvc.Async.AsyncResultWrapper.WrappedAsyncVoid`1.CallEndDelegate(IAsyncResult asyncResult)
   at System.Web.Mvc.MvcHandler.EndProcessRequest(IAsyncResult asyncResult)
   at System.Web.HttpApplication.CallHandlerExecutionStep.System.Web.HttpApplication.IExecutionStep.Execute()
   at System.Web.HttpApplication.ExecuteStep(IExecutionStep step, Boolean& completedSynchronously)
2016-07-02 17:12:25.5620 ERROR System.NullReferenceException: Object reference not set to an instance of an object.
   at MyMentor.BL.Logic.CheckoutManager.SetTeacherSiteAgentCommissionsCalculations(CheckoutItemLetterDto checkoutItemLetterDto, CheckoutPurchaseViewModel purchaseViewModel) in d:\Tfs_Workspace\MyMentor\MyMentor.BL\Logic\CheckoutManager.cs:line 405
   at MyMentor.Logic.CheckoutLogic.CreatePaymentRecords(CheckoutViewModel checkoutViewModel, String worldId, Purchase[] userHistoricalPurchases, CheckoutManager checkoutManager, CompleteCheckoutLetterDto completeCheckoutLetterDto, List`1 checkoutItemLetterDtoArray, List`1 completeCheckoutStatementsArray) in d:\Tfs_Workspace\MyMentor\MyMentor\Logic\CheckoutLogic.cs:line 210
   at MyMentor.Logic.CheckoutLogic.ExecuteCompleteCheckout(ParseUser loggedInUser, CheckoutViewModel checkoutViewModel, String worldId, Purchase[] userHistoricalPurchases, String& paymentUrl) in d:\Tfs_Workspace\MyMentor\MyMentor\Logic\CheckoutLogic.cs:line 51
2016-07-02 17:12:46.3045 ERROR System.NullReferenceException: Object reference not set to an instance of an object.
   at MyMentor.BL.Logic.CheckoutManager.SetTeacherSiteAgentCommissionsCalculations(CheckoutItemLetterDto checkoutItemLetterDto, CheckoutPurchaseViewModel purchaseViewModel) in d:\Tfs_Workspace\MyMentor\MyMentor.BL\Logic\CheckoutManager.cs:line 405
   at MyMentor.Logic.CheckoutLogic.CreatePaymentRecords(CheckoutViewModel checkoutViewModel, String worldId, Purchase[] userHistoricalPurchases, CheckoutManager checkoutManager, CompleteCheckoutLetterDto completeCheckoutLetterDto, List`1 checkoutItemLetterDtoArray, List`1 completeCheckoutStatementsArray) in d:\Tfs_Workspace\MyMentor\MyMentor\Logic\CheckoutLogic.cs:line 210
   at MyMentor.Logic.CheckoutLogic.ExecuteCompleteCheckout(ParseUser loggedInUser, CheckoutViewModel checkoutViewModel, String worldId, Purchase[] userHistoricalPurchases, String& paymentUrl) in d:\Tfs_Workspace\MyMentor\MyMentor\Logic\CheckoutLogic.cs:line 51
2016-07-02 17:13:40.3576 ERROR System.NullReferenceException: Object reference not set to an instance of an object.
   at MyMentor.BL.Logic.CheckoutManager.SetTeacherSiteAgentCommissionsCalculations(CheckoutItemLetterDto checkoutItemLetterDto, CheckoutPurchaseViewModel purchaseViewModel) in d:\Tfs_Workspace\MyMentor\MyMentor.BL\Logic\CheckoutManager.cs:line 405
   at MyMentor.Logic.CheckoutLogic.CreatePaymentRecords(CheckoutViewModel checkoutViewModel, String worldId, Purchase[] userHistoricalPurchases, CheckoutManager checkoutManager, CompleteCheckoutLetterDto completeCheckoutLetterDto, List`1 checkoutItemLetterDtoArray, List`1 completeCheckoutStatementsArray) in d:\Tfs_Workspace\MyMentor\MyMentor\Logic\CheckoutLogic.cs:line 210
   at MyMentor.Logic.CheckoutLogic.ExecuteCompleteCheckout(ParseUser loggedInUser, CheckoutViewModel checkoutViewModel, String worldId, Purchase[] userHistoricalPurchases, String& paymentUrl) in d:\Tfs_Workspace\MyMentor\MyMentor\Logic\CheckoutLogic.cs:line 51
