2016-07-22 16:44:50.7774 ERROR Parse.ParseException: invalid login parameters
   at Parse.Internal.ParseCommandRunner.<>c__DisplayClass2.<RunCommandAsync>b__1(Task`1 t)
   at Parse.Internal.InternalExtensions.<>c__DisplayClass7`1.<OnSuccess>b__6(Task t)
   at System.Threading.Tasks.ContinuationResultTaskFromTask`1.InnerInvoke()
   at System.Threading.Tasks.Task.Execute()
--- End of stack trace from previous location where exception was thrown ---
   at Parse.Internal.InternalExtensions.<>c__DisplayClass7`1.<OnSuccess>b__6(Task t)
   at System.Threading.Tasks.ContinuationResultTaskFromTask`1.InnerInvoke()
   at System.Threading.Tasks.Task.Execute()
--- End of stack trace from previous location where exception was thrown ---
   at Parse.Internal.InternalExtensions.<>c__DisplayClass7`1.<OnSuccess>b__6(Task t)
   at System.Threading.Tasks.ContinuationResultTaskFromTask`1.InnerInvoke()
   at System.Threading.Tasks.Task.Execute()
--- End of stack trace from previous location where exception was thrown ---
   at System.Runtime.CompilerServices.TaskAwaiter.ThrowForNonSuccess(Task task)
   at System.Runtime.CompilerServices.TaskAwaiter.HandleNonSuccessAndDebuggerNotification(Task task)
   at MyMentor.Account.MyMentorUserManager.<Login>d__32.MoveNext() in d:\Tfs_Workspace\MyMentor\MyMentor.BL\DomainServices\MyMentorUserManager.cs:line 224
--- End of stack trace from previous location where exception was thrown ---
   at System.Runtime.CompilerServices.TaskAwaiter.ThrowForNonSuccess(Task task)
   at System.Runtime.CompilerServices.TaskAwaiter.HandleNonSuccessAndDebuggerNotification(Task task)
   at MyMentor.Controllers.AccountController.<Login>d__8.MoveNext() in d:\Tfs_Workspace\MyMentor\MyMentor\Controllers\AccountController.cs:line 95
2016-07-22 16:45:00.4321 ERROR Parse.ParseException: invalid login parameters
   at Parse.Internal.ParseCommandRunner.<>c__DisplayClass2.<RunCommandAsync>b__1(Task`1 t)
   at Parse.Internal.InternalExtensions.<>c__DisplayClass7`1.<OnSuccess>b__6(Task t)
   at System.Threading.Tasks.ContinuationResultTaskFromTask`1.InnerInvoke()
   at System.Threading.Tasks.Task.Execute()
--- End of stack trace from previous location where exception was thrown ---
   at Parse.Internal.InternalExtensions.<>c__DisplayClass7`1.<OnSuccess>b__6(Task t)
   at System.Threading.Tasks.ContinuationResultTaskFromTask`1.InnerInvoke()
   at System.Threading.Tasks.Task.Execute()
--- End of stack trace from previous location where exception was thrown ---
   at Parse.Internal.InternalExtensions.<>c__DisplayClass7`1.<OnSuccess>b__6(Task t)
   at System.Threading.Tasks.ContinuationResultTaskFromTask`1.InnerInvoke()
   at System.Threading.Tasks.Task.Execute()
--- End of stack trace from previous location where exception was thrown ---
   at System.Runtime.CompilerServices.TaskAwaiter.ThrowForNonSuccess(Task task)
   at System.Runtime.CompilerServices.TaskAwaiter.HandleNonSuccessAndDebuggerNotification(Task task)
   at MyMentor.Account.MyMentorUserManager.<Login>d__32.MoveNext() in d:\Tfs_Workspace\MyMentor\MyMentor.BL\DomainServices\MyMentorUserManager.cs:line 224
--- End of stack trace from previous location where exception was thrown ---
   at System.Runtime.CompilerServices.TaskAwaiter.ThrowForNonSuccess(Task task)
   at System.Runtime.CompilerServices.TaskAwaiter.HandleNonSuccessAndDebuggerNotification(Task task)
   at MyMentor.Controllers.AccountController.<Login>d__8.MoveNext() in d:\Tfs_Workspace\MyMentor\MyMentor\Controllers\AccountController.cs:line 95
2016-07-22 16:45:35.7940 ERROR Parse.ParseException: invalid login parameters
   at Parse.Internal.ParseCommandRunner.<>c__DisplayClass2.<RunCommandAsync>b__1(Task`1 t)
   at Parse.Internal.InternalExtensions.<>c__DisplayClass7`1.<OnSuccess>b__6(Task t)
   at System.Threading.Tasks.ContinuationResultTaskFromTask`1.InnerInvoke()
   at System.Threading.Tasks.Task.Execute()
--- End of stack trace from previous location where exception was thrown ---
   at Parse.Internal.InternalExtensions.<>c__DisplayClass7`1.<OnSuccess>b__6(Task t)
   at System.Threading.Tasks.ContinuationResultTaskFromTask`1.InnerInvoke()
   at System.Threading.Tasks.Task.Execute()
--- End of stack trace from previous location where exception was thrown ---
   at Parse.Internal.InternalExtensions.<>c__DisplayClass7`1.<OnSuccess>b__6(Task t)
   at System.Threading.Tasks.ContinuationResultTaskFromTask`1.InnerInvoke()
   at System.Threading.Tasks.Task.Execute()
--- End of stack trace from previous location where exception was thrown ---
   at System.Runtime.CompilerServices.TaskAwaiter.ThrowForNonSuccess(Task task)
   at System.Runtime.CompilerServices.TaskAwaiter.HandleNonSuccessAndDebuggerNotification(Task task)
   at MyMentor.Account.MyMentorUserManager.<Login>d__32.MoveNext() in d:\Tfs_Workspace\MyMentor\MyMentor.BL\DomainServices\MyMentorUserManager.cs:line 224
--- End of stack trace from previous location where exception was thrown ---
   at System.Runtime.CompilerServices.TaskAwaiter.ThrowForNonSuccess(Task task)
   at System.Runtime.CompilerServices.TaskAwaiter.HandleNonSuccessAndDebuggerNotification(Task task)
   at MyMentor.Controllers.AccountController.<Login>d__8.MoveNext() in d:\Tfs_Workspace\MyMentor\MyMentor\Controllers\AccountController.cs:line 95
2016-07-22 16:45:44.0289 ERROR Parse.ParseException: invalid login parameters
   at Parse.Internal.ParseCommandRunner.<>c__DisplayClass2.<RunCommandAsync>b__1(Task`1 t)
   at Parse.Internal.InternalExtensions.<>c__DisplayClass7`1.<OnSuccess>b__6(Task t)
   at System.Threading.Tasks.ContinuationResultTaskFromTask`1.InnerInvoke()
   at System.Threading.Tasks.Task.Execute()
--- End of stack trace from previous location where exception was thrown ---
   at Parse.Internal.InternalExtensions.<>c__DisplayClass7`1.<OnSuccess>b__6(Task t)
   at System.Threading.Tasks.ContinuationResultTaskFromTask`1.InnerInvoke()
   at System.Threading.Tasks.Task.Execute()
--- End of stack trace from previous location where exception was thrown ---
   at Parse.Internal.InternalExtensions.<>c__DisplayClass7`1.<OnSuccess>b__6(Task t)
   at System.Threading.Tasks.ContinuationResultTaskFromTask`1.InnerInvoke()
   at System.Threading.Tasks.Task.Execute()
--- End of stack trace from previous location where exception was thrown ---
   at System.Runtime.CompilerServices.TaskAwaiter.ThrowForNonSuccess(Task task)
   at System.Runtime.CompilerServices.TaskAwaiter.HandleNonSuccessAndDebuggerNotification(Task task)
   at MyMentor.Account.MyMentorUserManager.<Login>d__32.MoveNext() in d:\Tfs_Workspace\MyMentor\MyMentor.BL\DomainServices\MyMentorUserManager.cs:line 224
--- End of stack trace from previous location where exception was thrown ---
   at System.Runtime.CompilerServices.TaskAwaiter.ThrowForNonSuccess(Task task)
   at System.Runtime.CompilerServices.TaskAwaiter.HandleNonSuccessAndDebuggerNotification(Task task)
   at MyMentor.Controllers.AccountController.<Login>d__8.MoveNext() in d:\Tfs_Workspace\MyMentor\MyMentor\Controllers\AccountController.cs:line 95
2016-07-22 17:01:04.7859 ERROR Parse.ParseException: invalid login parameters
   at Parse.Internal.ParseCommandRunner.<>c__DisplayClass2.<RunCommandAsync>b__1(Task`1 t)
   at Parse.Internal.InternalExtensions.<>c__DisplayClass7`1.<OnSuccess>b__6(Task t)
   at System.Threading.Tasks.ContinuationResultTaskFromTask`1.InnerInvoke()
   at System.Threading.Tasks.Task.Execute()
--- End of stack trace from previous location where exception was thrown ---
   at Parse.Internal.InternalExtensions.<>c__DisplayClass7`1.<OnSuccess>b__6(Task t)
   at System.Threading.Tasks.ContinuationResultTaskFromTask`1.InnerInvoke()
   at System.Threading.Tasks.Task.Execute()
--- End of stack trace from previous location where exception was thrown ---
   at Parse.Internal.InternalExtensions.<>c__DisplayClass7`1.<OnSuccess>b__6(Task t)
   at System.Threading.Tasks.ContinuationResultTaskFromTask`1.InnerInvoke()
   at System.Threading.Tasks.Task.Execute()
--- End of stack trace from previous location where exception was thrown ---
   at System.Runtime.CompilerServices.TaskAwaiter.ThrowForNonSuccess(Task task)
   at System.Runtime.CompilerServices.TaskAwaiter.HandleNonSuccessAndDebuggerNotification(Task task)
   at MyMentor.Account.MyMentorUserManager.<Login>d__32.MoveNext() in d:\Tfs_Workspace\MyMentor\MyMentor.BL\DomainServices\MyMentorUserManager.cs:line 224
--- End of stack trace from previous location where exception was thrown ---
   at System.Runtime.CompilerServices.TaskAwaiter.ThrowForNonSuccess(Task task)
   at System.Runtime.CompilerServices.TaskAwaiter.HandleNonSuccessAndDebuggerNotification(Task task)
   at MyMentor.Controllers.AccountController.<Login>d__8.MoveNext() in d:\Tfs_Workspace\MyMentor\MyMentor\Controllers\AccountController.cs:line 95
2016-07-22 17:01:24.6298 ERROR Parse.ParseException: invalid login parameters
   at Parse.Internal.ParseCommandRunner.<>c__DisplayClass2.<RunCommandAsync>b__1(Task`1 t)
   at Parse.Internal.InternalExtensions.<>c__DisplayClass7`1.<OnSuccess>b__6(Task t)
   at System.Threading.Tasks.ContinuationResultTaskFromTask`1.InnerInvoke()
   at System.Threading.Tasks.Task.Execute()
--- End of stack trace from previous location where exception was thrown ---
   at Parse.Internal.InternalExtensions.<>c__DisplayClass7`1.<OnSuccess>b__6(Task t)
   at System.Threading.Tasks.ContinuationResultTaskFromTask`1.InnerInvoke()
   at System.Threading.Tasks.Task.Execute()
--- End of stack trace from previous location where exception was thrown ---
   at Parse.Internal.InternalExtensions.<>c__DisplayClass7`1.<OnSuccess>b__6(Task t)
   at System.Threading.Tasks.ContinuationResultTaskFromTask`1.InnerInvoke()
   at System.Threading.Tasks.Task.Execute()
--- End of stack trace from previous location where exception was thrown ---
   at System.Runtime.CompilerServices.TaskAwaiter.ThrowForNonSuccess(Task task)
   at System.Runtime.CompilerServices.TaskAwaiter.HandleNonSuccessAndDebuggerNotification(Task task)
   at MyMentor.Account.MyMentorUserManager.<Login>d__32.MoveNext() in d:\Tfs_Workspace\MyMentor\MyMentor.BL\DomainServices\MyMentorUserManager.cs:line 224
--- End of stack trace from previous location where exception was thrown ---
   at System.Runtime.CompilerServices.TaskAwaiter.ThrowForNonSuccess(Task task)
   at System.Runtime.CompilerServices.TaskAwaiter.HandleNonSuccessAndDebuggerNotification(Task task)
   at MyMentor.Controllers.AccountController.<Login>d__8.MoveNext() in d:\Tfs_Workspace\MyMentor\MyMentor\Controllers\AccountController.cs:line 95
2016-07-22 17:01:28.3437 ERROR Parse.ParseException: invalid login parameters
   at Parse.Internal.ParseCommandRunner.<>c__DisplayClass2.<RunCommandAsync>b__1(Task`1 t)
   at Parse.Internal.InternalExtensions.<>c__DisplayClass7`1.<OnSuccess>b__6(Task t)
   at System.Threading.Tasks.ContinuationResultTaskFromTask`1.InnerInvoke()
   at System.Threading.Tasks.Task.Execute()
--- End of stack trace from previous location where exception was thrown ---
   at Parse.Internal.InternalExtensions.<>c__DisplayClass7`1.<OnSuccess>b__6(Task t)
   at System.Threading.Tasks.ContinuationResultTaskFromTask`1.InnerInvoke()
   at System.Threading.Tasks.Task.Execute()
--- End of stack trace from previous location where exception was thrown ---
   at Parse.Internal.InternalExtensions.<>c__DisplayClass7`1.<OnSuccess>b__6(Task t)
   at System.Threading.Tasks.ContinuationResultTaskFromTask`1.InnerInvoke()
   at System.Threading.Tasks.Task.Execute()
--- End of stack trace from previous location where exception was thrown ---
   at System.Runtime.CompilerServices.TaskAwaiter.ThrowForNonSuccess(Task task)
   at System.Runtime.CompilerServices.TaskAwaiter.HandleNonSuccessAndDebuggerNotification(Task task)
   at MyMentor.Account.MyMentorUserManager.<Login>d__32.MoveNext() in d:\Tfs_Workspace\MyMentor\MyMentor.BL\DomainServices\MyMentorUserManager.cs:line 224
--- End of stack trace from previous location where exception was thrown ---
   at System.Runtime.CompilerServices.TaskAwaiter.ThrowForNonSuccess(Task task)
   at System.Runtime.CompilerServices.TaskAwaiter.HandleNonSuccessAndDebuggerNotification(Task task)
   at MyMentor.Controllers.AccountController.<Login>d__8.MoveNext() in d:\Tfs_Workspace\MyMentor\MyMentor\Controllers\AccountController.cs:line 95
